Hall1: 869, Hall2: 484, PWM: 72
Hall1: 868, Hall2: 484, PWM: 72
Hall1: 869, Hall2: 484, PWM: 72
Hall1: 868, Hall2: 484, PWM: 72
Hall1: 868, Hall2: 484, PWM: 72
Hall1: 869, Hall2: 484, PWM: 72
Hall1: 870, Hall2: 484, PWM: 72
Hall1: 869, Hall2: 482, PWM: 72
Hall1: 866, Hall2: 481, PWM: 72
Hall1: 868, Hall2: 480, PWM: 72
Hall1: 868, Hall2: 479, PWM: 72
Hall1: 869, Hall2: 478, PWM: 72
Hall1: 868, Hall2: 476, PWM: 72
Hall1: 866, Hall2: 475, PWM: 72
Hall1: 866, Hall2: 474, PWM: 72
Hall1: 869, Hall2: 473, PWM: 72
Hall1: 866, Hall2: 471, PWM: 72
Hall1: 865, Hall2: 469, PWM: 72
Hall1: 864, Hall2: 467, PWM: 72
Hall1: 862, Hall2: 466, PWM: 72
Hall1: 862, Hall2: 464, PWM: 72
Hall1: 858, Hall2: 463, PWM: 72
Hall1: 859, Hall2: 461, PWM: 72
Hall1: 856, Hall2: 459, PWM: 72
Hall1: 852, Hall2: 458, PWM: 72
Hall1: 853, Hall2: 458, PWM: 72
Hall1: 848, Hall2: 457, PWM: 72
Hall1: 842, Hall2: 456, PWM: 72
Hall1: 841, Hall2: 455, PWM: 72
Hall1: 837, Hall2: 454, PWM: 72
Hall1: 834, Hall2: 454, PWM: 72
Hall1: 830, Hall2: 454, PWM: 72
Hall1: 828, Hall2: 452, PWM: 72
Hall1: 818, Hall2: 451, PWM: 72
Hall1: 815, Hall2: 450, PWM: 72
Hall1: 810, Hall2: 449, PWM: 72
Hall1: 806, Hall2: 449, PWM: 72
Hall1: 805, Hall2: 449, PWM: 72
Hall1: 800, Hall2: 448, PWM: 72
Hall1: 793, Hall2: 447, PWM: 72
Hall1: 790, Hall2: 446, PWM: 72
Hall1: 785, Hall2: 445, PWM: 72
Hall1: 784, Hall2: 444, PWM: 72
Hall1: 780, Hall2: 444, PWM: 72
Hall1: 777, Hall2: 443, PWM: 72
Hall1: 772, Hall2: 442, PWM: 72
Hall1: 767, Hall2: 441, PWM: 72
Hall1: 765, Hall2: 440, PWM: 72
Hall1: 762, Hall2: 440, PWM: 72
Hall1: 759, Hall2: 439, PWM: 72
Hall1: 756, Hall2: 438, PWM: 72
Hall1: 746, Hall2: 436, PWM: 72
Hall1: 744, Hall2: 435, PWM: 72
Hall1: 742, Hall2: 435, PWM: 72
Hall1: 740, Hall2: 434, PWM: 72
Hall1: 738, Hall2: 433, PWM: 72
Hall1: 728, Hall2: 431, PWM: 72
Hall1: 726, Hall2: 429, PWM: 72
Hall1: 722, Hall2: 428, PWM: 72
Hall1: 719, Hall2: 428, PWM: 72
Hall1: 716, Hall2: 427, PWM: 72
Hall1: 711, Hall2: 425, PWM: 72
Hall1: 708, Hall2: 424, PWM: 72
Hall1: 706, Hall2: 424, PWM: 72
Hall1: 703, Hall2: 422, PWM: 72
Hall1: 699, Hall2: 421, PWM: 72
Hall1: 692, Hall2: 418, PWM: 72
Hall1: 689, Hall2: 417, PWM: 72
Hall1: 688, Hall2: 416, PWM: 72
Hall1: 685, Hall2: 417, PWM: 72
Hall1: 684, Hall2: 414, PWM: 72
Hall1: 682, Hall2: 414, PWM: 72
Hall1: 673, Hall2: 410, PWM: 72
Hall1: 671, Hall2: 409, PWM: 72
Hall1: 669, Hall2: 407, PWM: 72
Hall1: 667, Hall2: 406, PWM: 72
Hall1: 665, Hall2: 406, PWM: 72
Hall1: 660, Hall2: 403, PWM: 72
Hall1: 659, Hall2: 403, PWM: 72
Hall1: 657, Hall2: 401, PWM: 72
Hall1: 656, Hall2: 400, PWM: 72
Hall1: 653, Hall2: 400, PWM: 72
Hall1: 648, Hall2: 396, PWM: 72
Hall1: 645, Hall2: 394, PWM: 72
Hall1: 645, Hall2: 393, PWM: 72
Hall1: 640, Hall2: 392, PWM: 72
Hall1: 641, Hall2: 390, PWM: 72
Hall1: 636, Hall2: 387, PWM: 72
Hall1: 635, Hall2: 387, PWM: 72
Hall1: 632, Hall2: 386, PWM: 72
Hall1: 632, Hall2: 384, PWM: 72
Hall1: 630, Hall2: 382, PWM: 72
Hall1: 626, Hall2: 379, PWM: 72
Hall1: 624, Hall2: 377, PWM: 72
Hall1: 624, Hall2: 376, PWM: 72
Hall1: 622, Hall2: 375, PWM: 72
Hall1: 620, Hall2: 373, PWM: 72
Hall1: 619, Hall2: 373, PWM: 72
Hall1: 615, Hall2: 369, PWM: 72
Hall1: 614, Hall2: 367, PWM: 72
Hall1: 613, Hall2: 366, PWM: 72
Hall1: 612, Hall2: 365, PWM: 72
Hall1: 610, Hall2: 364, PWM: 72
Hall1: 607, Hall2: 360, PWM: 72
Hall1: 605, Hall2: 359, PWM: 72
Hall1: 603, Hall2: 356, PWM: 72
Hall1: 602, Hall2: 354, PWM: 72
Hall1: 601, Hall2: 354, PWM: 72
Hall1: 598, Hall2: 349, PWM: 72
Hall1: 597, Hall2: 348, PWM: 72
Hall1: 597, Hall2: 347, PWM: 72
Hall1: 595, Hall2: 347, PWM: 72
Hall1: 595, Hall2: 345, PWM: 72
Hall1: 595, Hall2: 344, PWM: 72
Hall1: 592, Hall2: 340, PWM: 72
Hall1: 591, Hall2: 339, PWM: 72
Hall1: 590, Hall2: 337, PWM: 72
Hall1: 589, Hall2: 336, PWM: 72
Hall1: 589, Hall2: 334, PWM: 72
Hall1: 588, Hall2: 334, PWM: 72
Hall1: 586, Hall2: 329, PWM: 72
Hall1: 585, Hall2: 328, PWM: 72
Hall1: 584, Hall2: 326, PWM: 72
Hall1: 583, Hall2: 325, PWM: 72
Hall1: 583, Hall2: 323, PWM: 72
Hall1: 581, Hall2: 319, PWM: 72
Hall1: 579, Hall2: 318, PWM: 72
Hall1: 579, Hall2: 318, PWM: 72
Hall1: 578, Hall2: 316, PWM: 72
Hall1: 578, Hall2: 314, PWM: 72
Hall1: 578, Hall2: 314, PWM: 72
Hall1: 575, Hall2: 307, PWM: 72
Hall1: 575, Hall2: 306, PWM: 72
Hall1: 574, Hall2: 304, PWM: 72
Hall1: 573, Hall2: 303, PWM: 72
Hall1: 573, Hall2: 304, PWM: 72
Hall1: 572, Hall2: 298, PWM: 72
Hall1: 570, Hall2: 297, PWM: 72
Hall1: 570, Hall2: 295, PWM: 72
Hall1: 569, Hall2: 294, PWM: 72
Hall1: 569, Hall2: 293, PWM: 72
Hall1: 569, Hall2: 291, PWM: 72
Hall1: 568, Hall2: 288, PWM: 72
Hall1: 567, Hall2: 287, PWM: 72
Hall1: 567, Hall2: 287, PWM: 72
Hall1: 566, Hall2: 283, PWM: 72
Hall1: 566, Hall2: 284, PWM: 72
Hall1: 565, Hall2: 279, PWM: 72
Hall1: 563, Hall2: 275, PWM: 72
Hall1: 563, Hall2: 274, PWM: 72
Hall1: 562, Hall2: 271, PWM: 72
Hall1: 562, Hall2: 271, PWM: 72
Hall1: 562, Hall2: 271, PWM: 72
Hall1: 561, Hall2: 267, PWM: 72
Hall1: 560, Hall2: 263, PWM: 72
Hall1: 559, Hall2: 265, PWM: 72
Hall1: 559, Hall2: 261, PWM: 72
Hall1: 559, Hall2: 263, PWM: 72
Hall1: 559, Hall2: 261, PWM: 72
Hall1: 557, Hall2: 255, PWM: 72
Hall1: 557, Hall2: 255, PWM: 72
Hall1: 556, Hall2: 254, PWM: 72
Hall1: 556, Hall2: 251, PWM: 72
Hall1: 556, Hall2: 251, PWM: 72
Hall1: 556, Hall2: 250, PWM: 72
Hall1: 555, Hall2: 245, PWM: 72
Hall1: 554, Hall2: 243, PWM: 72
Hall1: 554, Hall2: 243, PWM: 72
Hall1: 553, Hall2: 242, PWM: 72
Hall1: 553, Hall2: 239, PWM: 72
Hall1: 553, Hall2: 236, PWM: 72
Hall1: 552, Hall2: 236, PWM: 72
Hall1: 551, Hall2: 234, PWM: 72
Hall1: 551, Hall2: 236, PWM: 72
Hall1: 551, Hall2: 235, PWM: 72
Hall1: 551, Hall2: 232, PWM: 72
Hall1: 550, Hall2: 230, PWM: 72
Hall1: 550, Hall2: 227, PWM: 72
Hall1: 550, Hall2: 227, PWM: 72
Hall1: 549, Hall2: 226, PWM: 72
Hall1: 549, Hall2: 225, PWM: 72
Hall1: 549, Hall2: 226, PWM: 72
Hall1: 548, Hall2: 222, PWM: 72
Hall1: 547, Hall2: 223, PWM: 72
Hall1: 547, Hall2: 221, PWM: 72
Hall1: 547, Hall2: 219, PWM: 72
Hall1: 547, Hall2: 217, PWM: 72
Hall1: 547, Hall2: 217, PWM: 72
Hall1: 546, Hall2: 216, PWM: 72
Hall1: 546, Hall2: 215, PWM: 72
Hall1: 546, Hall2: 217, PWM: 72
Hall1: 545, Hall2: 214, PWM: 72
Hall1: 545, Hall2: 215, PWM: 72
Hall1: 544, Hall2: 213, PWM: 72
Hall1: 544, Hall2: 214, PWM: 72
Hall1: 544, Hall2: 212, PWM: 72
Hall1: 544, Hall2: 212, PWM: 72
Hall1: 544, Hall2: 212, PWM: 72
Hall1: 543, Hall2: 211, PWM: 72
Hall1: 543, Hall2: 215, PWM: 72
Hall1: 542, Hall2: 209, PWM: 72
Hall1: 542, Hall2: 208, PWM: 72
Hall1: 542, Hall2: 210, PWM: 72
Hall1: 541, Hall2: 210, PWM: 72
Hall1: 541, Hall2: 209, PWM: 72
Hall1: 542, Hall2: 210, PWM: 72
Hall1: 540, Hall2: 208, PWM: 72
Hall1: 540, Hall2: 209, PWM: 72
Hall1: 540, Hall2: 209, PWM: 72
Hall1: 540, Hall2: 208, PWM: 72
Hall1: 540, Hall2: 209, PWM: 72
Hall1: 539, Hall2: 209, PWM: 72
Hall1: 539, Hall2: 208, PWM: 72
Hall1: 539, Hall2: 209, PWM: 72
Hall1: 539, Hall2: 209, PWM: 72
Hall1: 538, Hall2: 209, PWM: 72
Hall1: 538, Hall2: 209, PWM: 72
Hall1: 538, Hall2: 209, PWM: 72
Hall1: 537, Hall2: 209, PWM: 72
Hall1: 537, Hall2: 210, PWM: 72
Hall1: 537, Hall2: 210, PWM: 72
Hall1: 537, Hall2: 212, PWM: 72
Hall1: 537, Hall2: 210, PWM: 72
Hall1: 536, Hall2: 211, PWM: 72
Hall1: 535, Hall2: 211, PWM: 72
Hall1: 535, Hall2: 212, PWM: 72
Hall1: 535, Hall2: 213, PWM: 72
Hall1: 535, Hall2: 215, PWM: 72
Hall1: 535, Hall2: 215, PWM: 72
Hall1: 535, Hall2: 215, PWM: 72
Hall1: 534, Hall2: 216, PWM: 72
Hall1: 534, Hall2: 217, PWM: 72
Hall1: 534, Hall2: 219, PWM: 72
Hall1: 533, Hall2: 218, PWM: 72
Hall1: 533, Hall2: 220, PWM: 72
Hall1: 533, Hall2: 223, PWM: 72
Hall1: 532, Hall2: 223, PWM: 72
Hall1: 532, Hall2: 223, PWM: 72
Hall1: 532, Hall2: 223, PWM: 72
Hall1: 532, Hall2: 227, PWM: 72
Hall1: 531, Hall2: 227, PWM: 72
Hall1: 531, Hall2: 229, PWM: 72
Hall1: 530, Hall2: 232, PWM: 72
Hall1: 530, Hall2: 231, PWM: 72
Hall1: 530, Hall2: 235, PWM: 72
Hall1: 530, Hall2: 234, PWM: 72
Hall1: 530, Hall2: 234, PWM: 72
Hall1: 529, Hall2: 239, PWM: 72
Hall1: 529, Hall2: 240, PWM: 72
Hall1: 528, Hall2: 242, PWM: 72
Hall1: 528, Hall2: 245, PWM: 72
Hall1: 528, Hall2: 245, PWM: 72
Hall1: 527, Hall2: 248, PWM: 72
Hall1: 527, Hall2: 250, PWM: 72
Hall1: 527, Hall2: 252, PWM: 72
Hall1: 527, Hall2: 253, PWM: 72
Hall1: 526, Hall2: 255, PWM: 72
Hall1: 526, Hall2: 256, PWM: 72
Hall1: 525, Hall2: 259, PWM: 72
Hall1: 525, Hall2: 261, PWM: 72
Hall1: 525, Hall2: 263, PWM: 72
Hall1: 524, Hall2: 263, PWM: 72
Hall1: 524, Hall2: 266, PWM: 72
Hall1: 524, Hall2: 266, PWM: 72
Hall1: 524, Hall2: 271, PWM: 72
Hall1: 523, Hall2: 272, PWM: 72
Hall1: 523, Hall2: 274, PWM: 72
Hall1: 522, Hall2: 274, PWM: 72
Hall1: 522, Hall2: 277, PWM: 72
Hall1: 522, Hall2: 278, PWM: 72
Hall1: 521, Hall2: 283, PWM: 72
Hall1: 520, Hall2: 285, PWM: 72
Hall1: 520, Hall2: 287, PWM: 72
Hall1: 520, Hall2: 289, PWM: 72
Hall1: 520, Hall2: 290, PWM: 72
Hall1: 518, Hall2: 298, PWM: 72
Hall1: 518, Hall2: 297, PWM: 72
Hall1: 518, Hall2: 300, PWM: 72
Hall1: 518, Hall2: 303, PWM: 72
Hall1: 517, Hall2: 305, PWM: 72
Hall1: 517, Hall2: 305, PWM: 72
Hall1: 516, Hall2: 307, PWM: 72
Hall1: 516, Hall2: 309, PWM: 72
Hall1: 516, Hall2: 311, PWM: 72
Hall1: 515, Hall2: 313, PWM: 72
Hall1: 515, Hall2: 315, PWM: 72
Hall1: 515, Hall2: 317, PWM: 72
Hall1: 514, Hall2: 320, PWM: 72
Hall1: 513, Hall2: 324, PWM: 72
Hall1: 512, Hall2: 326, PWM: 72
Hall1: 512, Hall2: 327, PWM: 72
Hall1: 512, Hall2: 329, PWM: 72
Hall1: 511, Hall2: 330, PWM: 72
Hall1: 511, Hall2: 334, PWM: 72
Hall1: 510, Hall2: 336, PWM: 72
Hall1: 509, Hall2: 338, PWM: 72
Hall1: 509, Hall2: 339, PWM: 72
Hall1: 508, Hall2: 342, PWM: 72
Hall1: 507, Hall2: 347, PWM: 72
Hall1: 507, Hall2: 349, PWM: 72
Hall1: 506, Hall2: 351, PWM: 72
Hall1: 506, Hall2: 352, PWM: 72
Hall1: 505, Hall2: 355, PWM: 72
Hall1: 505, Hall2: 356, PWM: 72
Hall1: 503, Hall2: 361, PWM: 72
Hall1: 503, Hall2: 363, PWM: 72
Hall1: 502, Hall2: 364, PWM: 72
Hall1: 502, Hall2: 366, PWM: 72
Hall1: 501, Hall2: 367, PWM: 72
Hall1: 501, Hall2: 369, PWM: 72
Hall1: 500, Hall2: 371, PWM: 72
Hall1: 499, Hall2: 374, PWM: 72
Hall1: 499, Hall2: 375, PWM: 72
Hall1: 498, Hall2: 377, PWM: 72
Hall1: 498, Hall2: 379, PWM: 72
Hall1: 497, Hall2: 381, PWM: 72
Hall1: 496, Hall2: 384, PWM: 72
Hall1: 495, Hall2: 386, PWM: 72
Hall1: 495, Hall2: 388, PWM: 72
Hall1: 494, Hall2: 389, PWM: 72
Hall1: 493, Hall2: 391, PWM: 72
Hall1: 491, Hall2: 395, PWM: 72
Hall1: 491, Hall2: 396, PWM: 72
Hall1: 490, Hall2: 398, PWM: 72
Hall1: 490, Hall2: 399, PWM: 72
Hall1: 489, Hall2: 401, PWM: 72
Hall1: 489, Hall2: 402, PWM: 72
Hall1: 487, Hall2: 404, PWM: 72
Hall1: 487, Hall2: 406, PWM: 72
Hall1: 486, Hall2: 408, PWM: 72
Hall1: 485, Hall2: 409, PWM: 72
Hall1: 485, Hall2: 411, PWM: 72
Hall1: 484, Hall2: 411, PWM: 72
Hall1: 481, Hall2: 416, PWM: 72
Hall1: 481, Hall2: 418, PWM: 72
Hall1: 480, Hall2: 420, PWM: 72
Hall1: 479, Hall2: 420, PWM: 72
Hall1: 478, Hall2: 421, PWM: 72
Hall1: 478, Hall2: 422, PWM: 72
Hall1: 477, Hall2: 424, PWM: 72
Hall1: 476, Hall2: 427, PWM: 72
Hall1: 475, Hall2: 427, PWM: 72
Hall1: 474, Hall2: 429, PWM: 72
Hall1: 473, Hall2: 430, PWM: 72
Hall1: 473, Hall2: 431, PWM: 72
Hall1: 471, Hall2: 432, PWM: 72
Hall1: 471, Hall2: 435, PWM: 72
Hall1: 470, Hall2: 435, PWM: 72
Hall1: 469, Hall2: 436, PWM: 72
Hall1: 468, Hall2: 438, PWM: 72
Hall1: 467, Hall2: 439, PWM: 72
Hall1: 465, Hall2: 440, PWM: 72
Hall1: 464, Hall2: 442, PWM: 72
Hall1: 464, Hall2: 443, PWM: 72
Hall1: 463, Hall2: 444, PWM: 72
Hall1: 462, Hall2: 445, PWM: 72
Hall1: 461, Hall2: 446, PWM: 72
Hall1: 459, Hall2: 448, PWM: 72
Hall1: 459, Hall2: 449, PWM: 72
Hall1: 456, Hall2: 451, PWM: 72
Hall1: 455, Hall2: 452, PWM: 72
Hall1: 454, Hall2: 453, PWM: 72
Hall1: 452, Hall2: 456, PWM: 72
Hall1: 451, Hall2: 456, PWM: 72
Hall1: 450, Hall2: 457, PWM: 72
Hall1: 450, Hall2: 458, PWM: 72
Hall1: 448, Hall2: 459, PWM: 72
Hall1: 447, Hall2: 460, PWM: 72
Hall1: 445, Hall2: 461, PWM: 72
Hall1: 444, Hall2: 462, PWM: 72
Hall1: 443, Hall2: 463, PWM: 72
Hall1: 442, Hall2: 463, PWM: 72
Hall1: 442, Hall2: 464, PWM: 72
Hall1: 440, Hall2: 465, PWM: 72
Hall1: 436, Hall2: 467, PWM: 72
Hall1: 435, Hall2: 468, PWM: 72
Hall1: 434, Hall2: 468, PWM: 72
Hall1: 433, Hall2: 469, PWM: 72
Hall1: 433, Hall2: 470, PWM: 72
Hall1: 431, Hall2: 471, PWM: 72
Hall1: 429, Hall2: 472, PWM: 72
Hall1: 427, Hall2: 473, PWM: 72
Hall1: 427, Hall2: 473, PWM: 72
Hall1: 425, Hall2: 474, PWM: 72
Hall1: 424, Hall2: 474, PWM: 72
Hall1: 420, Hall2: 477, PWM: 72
Hall1: 418, Hall2: 477, PWM: 72
Hall1: 416, Hall2: 478, PWM: 72
Hall1: 415, Hall2: 479, PWM: 72
Hall1: 412, Hall2: 480, PWM: 72
Hall1: 410, Hall2: 481, PWM: 72
Hall1: 408, Hall2: 481, PWM: 72
Hall1: 408, Hall2: 482, PWM: 72
Hall1: 406, Hall2: 482, PWM: 72
Hall1: 402, Hall2: 484, PWM: 72
Hall1: 400, Hall2: 484, PWM: 72
Hall1: 399, Hall2: 484, PWM: 72
Hall1: 397, Hall2: 485, PWM: 72
Hall1: 396, Hall2: 485, PWM: 72
Hall1: 395, Hall2: 486, PWM: 72
Hall1: 391, Hall2: 486, PWM: 72
Hall1: 390, Hall2: 487, PWM: 72
Hall1: 388, Hall2: 488, PWM: 72
Hall1: 386, Hall2: 488, PWM: 72
Hall1: 385, Hall2: 489, PWM: 72
Hall1: 380, Hall2: 489, PWM: 72
Hall1: 381, Hall2: 490, PWM: 72
Hall1: 379, Hall2: 490, PWM: 72
Hall1: 378, Hall2: 490, PWM: 72
Hall1: 376, Hall2: 490, PWM: 72
Hall1: 372, Hall2: 492, PWM: 72
Hall1: 370, Hall2: 492, PWM: 72
Hall1: 369, Hall2: 492, PWM: 72
Hall1: 367, Hall2: 492, PWM: 72
Hall1: 367, Hall2: 492, PWM: 72
Hall1: 363, Hall2: 493, PWM: 72
Hall1: 360, Hall2: 493, PWM: 72
Hall1: 359, Hall2: 493, PWM: 72
Hall1: 358, Hall2: 494, PWM: 72
Hall1: 357, Hall2: 494, PWM: 72
Hall1: 355, Hall2: 494, PWM: 72
Hall1: 352, Hall2: 495, PWM: 72
Hall1: 351, Hall2: 495, PWM: 72
Hall1: 349, Hall2: 495, PWM: 72
Hall1: 348, Hall2: 495, PWM: 72
Hall1: 346, Hall2: 495, PWM: 72
Hall1: 340, Hall2: 496, PWM: 72
Hall1: 340, Hall2: 496, PWM: 72
Hall1: 338, Hall2: 496, PWM: 72
Hall1: 337, Hall2: 496, PWM: 72
Hall1: 335, Hall2: 497, PWM: 72
Hall1: 330, Hall2: 496, PWM: 72
Hall1: 330, Hall2: 497, PWM: 72
Hall1: 328, Hall2: 497, PWM: 72
Hall1: 327, Hall2: 497, PWM: 72
Hall1: 326, Hall2: 497, PWM: 72
Hall1: 324, Hall2: 497, PWM: 72
Hall1: 322, Hall2: 497, PWM: 72
Hall1: 320, Hall2: 497, PWM: 72
Hall1: 317, Hall2: 497, PWM: 72
Hall1: 315, Hall2: 497, PWM: 72
Hall1: 316, Hall2: 497, PWM: 72
Hall1: 312, Hall2: 497, PWM: 72
Hall1: 310, Hall2: 498, PWM: 72
Hall1: 310, Hall2: 497, PWM: 72
Hall1: 308, Hall2: 498, PWM: 72
Hall1: 308, Hall2: 498, PWM: 72
Hall1: 303, Hall2: 498, PWM: 72
Hall1: 303, Hall2: 498, PWM: 72
Hall1: 302, Hall2: 498, PWM: 72
Hall1: 301, Hall2: 498, PWM: 72
Hall1: 300, Hall2: 498, PWM: 72
Hall1: 301, Hall2: 498, PWM: 72
Hall1: 297, Hall2: 498, PWM: 72
Hall1: 295, Hall2: 498, PWM: 72
Hall1: 294, Hall2: 498, PWM: 72
Hall1: 293, Hall2: 498, PWM: 72
Hall1: 291, Hall2: 498, PWM: 72
Hall1: 289, Hall2: 498, PWM: 72
Hall1: 288, Hall2: 498, PWM: 72
Hall1: 287, Hall2: 498, PWM: 72
Hall1: 285, Hall2: 498, PWM: 72
Hall1: 284, Hall2: 498, PWM: 72
Hall1: 284, Hall2: 498, PWM: 72
Hall1: 283, Hall2: 498, PWM: 72
Hall1: 281, Hall2: 498, PWM: 72
Hall1: 282, Hall2: 498, PWM: 72
Hall1: 278, Hall2: 498, PWM: 72
Hall1: 278, Hall2: 498, PWM: 72
Hall1: 277, Hall2: 498, PWM: 72
Hall1: 277, Hall2: 498, PWM: 72
Hall1: 276, Hall2: 498, PWM: 72
Hall1: 274, Hall2: 497, PWM: 72
Hall1: 273, Hall2: 497, PWM: 72
Hall1: 272, Hall2: 498, PWM: 72
Hall1: 274, Hall2: 497, PWM: 72
Hall1: 272, Hall2: 497, PWM: 72
Hall1: 273, Hall2: 497, PWM: 72
Hall1: 272, Hall2: 497, PWM: 72
Hall1: 273, Hall2: 497, PWM: 72
Hall1: 271, Hall2: 497, PWM: 72
Hall1: 271, Hall2: 497, PWM: 72
Hall1: 272, Hall2: 497, PWM: 72
Hall1: 271, Hall2: 497, PWM: 72
Hall1: 271, Hall2: 497, PWM: 72
Hall1: 269, Hall2: 497, PWM: 72
Hall1: 268, Hall2: 497, PWM: 72
Hall1: 269, Hall2: 497, PWM: 72
Hall1: 270, Hall2: 497, PWM: 72
Hall1: 271, Hall2: 497, PWM: 72
Hall1: 273, Hall2: 497, PWM: 72
Hall1: 271, Hall2: 497, PWM: 72
Hall1: 272, Hall2: 497, PWM: 72
Hall1: 271, Hall2: 497, PWM: 72
Hall1: 273, Hall2: 497, PWM: 72
Hall1: 273, Hall2: 497, PWM: 72
Hall1: 275, Hall2: 497, PWM: 72
Hall1: 273, Hall2: 497, PWM: 72
Hall1: 275, Hall2: 497, PWM: 72
Hall1: 275, Hall2: 497, PWM: 72
Hall1: 277, Hall2: 498, PWM: 72
Hall1: 277, Hall2: 497, PWM: 72
Hall1: 278, Hall2: 497, PWM: 72
Hall1: 279, Hall2: 498, PWM: 72
Hall1: 281, Hall2: 498, PWM: 72
Hall1: 282, Hall2: 498, PWM: 72
Hall1: 282, Hall2: 498, PWM: 72
Hall1: 283, Hall2: 498, PWM: 72
Hall1: 284, Hall2: 499, PWM: 72
Hall1: 287, Hall2: 498, PWM: 72
Hall1: 288, Hall2: 498, PWM: 72
Hall1: 289, Hall2: 499, PWM: 72
Hall1: 291, Hall2: 499, PWM: 72
Hall1: 293, Hall2: 499, PWM: 72
Hall1: 296, Hall2: 500, PWM: 72
Hall1: 295, Hall2: 500, PWM: 72
Hall1: 296, Hall2: 500, PWM: 72
Hall1: 299, Hall2: 500, PWM: 72
Hall1: 302, Hall2: 500, PWM: 72
Hall1: 302, Hall2: 500, PWM: 72
Hall1: 304, Hall2: 500, PWM: 72
Hall1: 305, Hall2: 502, PWM: 72
Hall1: 309, Hall2: 502, PWM: 72
Hall1: 311, Hall2: 502, PWM: 72
Hall1: 311, Hall2: 502, PWM: 72
Hall1: 313, Hall2: 503, PWM: 72
Hall1: 314, Hall2: 503, PWM: 72
Hall1: 318, Hall2: 504, PWM: 72
Hall1: 321, Hall2: 504, PWM: 72
Hall1: 322, Hall2: 504, PWM: 72
Hall1: 324, Hall2: 505, PWM: 72
Hall1: 324, Hall2: 505, PWM: 72
Hall1: 328, Hall2: 506, PWM: 72
Hall1: 330, Hall2: 507, PWM: 72
Hall1: 330, Hall2: 507, PWM: 72
Hall1: 334, Hall2: 508, PWM: 72
Hall1: 335, Hall2: 508, PWM: 72
Hall1: 339, Hall2: 509, PWM: 72
Hall1: 342, Hall2: 510, PWM: 72
Hall1: 342, Hall2: 509, PWM: 72
Hall1: 344, Hall2: 511, PWM: 72
Hall1: 347, Hall2: 511, PWM: 72
Hall1: 350, Hall2: 512, PWM: 72
Hall1: 351, Hall2: 513, PWM: 72
Hall1: 353, Hall2: 514, PWM: 72
Hall1: 354, Hall2: 514, PWM: 72
Hall1: 357, Hall2: 515, PWM: 72
Hall1: 362, Hall2: 516, PWM: 72
Hall1: 366, Hall2: 517, PWM: 72
Hall1: 365, Hall2: 518, PWM: 72
Hall1: 369, Hall2: 520, PWM: 72
Hall1: 370, Hall2: 520, PWM: 72
Hall1: 371, Hall2: 521, PWM: 72
Hall1: 374, Hall2: 522, PWM: 72
Hall1: 378, Hall2: 523, PWM: 72
Hall1: 378, Hall2: 524, PWM: 72
Hall1: 380, Hall2: 524, PWM: 72
Hall1: 382, Hall2: 526, PWM: 72
Hall1: 387, Hall2: 528, PWM: 72
Hall1: 389, Hall2: 529, PWM: 72
Hall1: 391, Hall2: 530, PWM: 72
Hall1: 392, Hall2: 532, PWM: 72
Hall1: 395, Hall2: 533, PWM: 72
Hall1: 398, Hall2: 535, PWM: 72
Hall1: 399, Hall2: 535, PWM: 72
Hall1: 401, Hall2: 537, PWM: 72
Hall1: 405, Hall2: 538, PWM: 72
Hall1: 406, Hall2: 539, PWM: 72
Hall1: 410, Hall2: 543, PWM: 72
Hall1: 411, Hall2: 544, PWM: 72
Hall1: 414, Hall2: 545, PWM: 72
Hall1: 414, Hall2: 547, PWM: 72
Hall1: 415, Hall2: 547, PWM: 72
Hall1: 417, Hall2: 549, PWM: 72
Hall1: 421, Hall2: 553, PWM: 72
Hall1: 423, Hall2: 554, PWM: 72
Hall1: 426, Hall2: 556, PWM: 72
Hall1: 426, Hall2: 557, PWM: 72
Hall1: 428, Hall2: 559, PWM: 72
Hall1: 431, Hall2: 563, PWM: 72
Hall1: 433, Hall2: 565, PWM: 72
Hall1: 435, Hall2: 566, PWM: 72
Hall1: 437, Hall2: 568, PWM: 72
Hall1: 438, Hall2: 571, PWM: 72
Hall1: 442, Hall2: 576, PWM: 72
Hall1: 443, Hall2: 578, PWM: 72
Hall1: 444, Hall2: 580, PWM: 72
Hall1: 446, Hall2: 580, PWM: 72
Hall1: 447, Hall2: 583, PWM: 72
Hall1: 448, Hall2: 584, PWM: 72
Hall1: 451, Hall2: 589, PWM: 72
Hall1: 452, Hall2: 591, PWM: 72
Hall1: 454, Hall2: 594, PWM: 72
Hall1: 455, Hall2: 595, PWM: 72
Hall1: 456, Hall2: 597, PWM: 72
Hall1: 459, Hall2: 603, PWM: 72
Hall1: 461, Hall2: 605, PWM: 72
Hall1: 461, Hall2: 607, PWM: 72
Hall1: 462, Hall2: 610, PWM: 72
Hall1: 464, Hall2: 612, PWM: 72
Hall1: 467, Hall2: 618, PWM: 72
Hall1: 469, Hall2: 620, PWM: 72
Hall1: 469, Hall2: 623, PWM: 72
Hall1: 471, Hall2: 626, PWM: 72
Hall1: 471, Hall2: 629, PWM: 72
Hall1: 473, Hall2: 632, PWM: 72
Hall1: 475, Hall2: 638, PWM: 72
Hall1: 476, Hall2: 641, PWM: 72
Hall1: 477, Hall2: 644, PWM: 72
Hall1: 478, Hall2: 645, PWM: 72
Hall1: 479, Hall2: 648, PWM: 72
Hall1: 480, Hall2: 652, PWM: 72
Hall1: 481, Hall2: 656, PWM: 72
Hall1: 483, Hall2: 661, PWM: 72
Hall1: 483, Hall2: 664, PWM: 72
Hall1: 485, Hall2: 668, PWM: 72
Hall1: 486, Hall2: 671, PWM: 72
Hall1: 488, Hall2: 680, PWM: 72
Hall1: 489, Hall2: 682, PWM: 72
Hall1: 490, Hall2: 687, PWM: 72
Hall1: 491, Hall2: 689, PWM: 72
Hall1: 492, Hall2: 694, PWM: 72
Hall1: 494, Hall2: 702, PWM: 72
Hall1: 495, Hall2: 704, PWM: 72
Hall1: 496, Hall2: 708, PWM: 72
Hall1: 496, Hall2: 712, PWM: 72
Hall1: 497, Hall2: 717, PWM: 72
Hall1: 499, Hall2: 729, PWM: 72
Hall1: 500, Hall2: 733, PWM: 72
Hall1: 501, Hall2: 734, PWM: 72
Hall1: 501, Hall2: 740, PWM: 72
Hall1: 502, Hall2: 743, PWM: 72
Hall1: 502, Hall2: 746, PWM: 72
Hall1: 503, Hall2: 752, PWM: 72
Hall1: 505, Hall2: 762, PWM: 72
Hall1: 506, Hall2: 767, PWM: 72
Hall1: 506, Hall2: 770, PWM: 72
Hall1: 507, Hall2: 774, PWM: 72
Hall1: 508, Hall2: 781, PWM: 72
Hall1: 509, Hall2: 788, PWM: 72
Hall1: 510, Hall2: 793, PWM: 72
Hall1: 510, Hall2: 798, PWM: 72
Hall1: 511, Hall2: 801, PWM: 72
Hall1: 512, Hall2: 812, PWM: 72
Hall1: 513, Hall2: 818, PWM: 72
Hall1: 513, Hall2: 823, PWM: 72
Hall1: 513, Hall2: 825, PWM: 72
Hall1: 514, Hall2: 828, PWM: 72
Hall1: 515, Hall2: 841, PWM: 72
Hall1: 516, Hall2: 844, PWM: 72
Hall1: 516, Hall2: 846, PWM: 72
Hall1: 517, Hall2: 849, PWM: 72
Hall1: 517, Hall2: 851, PWM: 72
Hall1: 518, Hall2: 852, PWM: 72
Hall1: 519, Hall2: 853, PWM: 72
Hall1: 519, Hall2: 856, PWM: 72
Hall1: 519, Hall2: 856, PWM: 72
Hall1: 520, Hall2: 856, PWM: 72
Hall1: 520, Hall2: 857, PWM: 72
Hall1: 521, Hall2: 858, PWM: 72
Hall1: 521, Hall2: 859, PWM: 72
Hall1: 521, Hall2: 861, PWM: 72
Hall1: 522, Hall2: 859, PWM: 72
Hall1: 522, Hall2: 859, PWM: 72
Hall1: 523, Hall2: 861, PWM: 72
Hall1: 523, Hall2: 862, PWM: 72
Hall1: 523, Hall2: 861, PWM: 72
Hall1: 524, Hall2: 863, PWM: 72
Hall1: 524, Hall2: 862, PWM: 72
Hall1: 525, Hall2: 864, PWM: 72
Hall1: 525, Hall2: 862, PWM: 72
Hall1: 525, Hall2: 863, PWM: 72
Hall1: 525, Hall2: 863, PWM: 72
Hall1: 526, Hall2: 864, PWM: 72
Hall1: 526, Hall2: 862, PWM: 72
Hall1: 526, Hall2: 864, PWM: 72
Hall1: 527, Hall2: 866, PWM: 72
Hall1: 527, Hall2: 866, PWM: 72
Hall1: 527, Hall2: 867, PWM: 72
Hall1: 527, Hall2: 868, PWM: 72
Hall1: 527, Hall2: 866, PWM: 72
Hall1: 527, Hall2: 865, PWM: 72
Hall1: 527, Hall2: 866, PWM: 72
Hall1: 528, Hall2: 867, PWM: 72
Hall1: 528, Hall2: 864, PWM: 72
Hall1: 528, Hall2: 867, PWM: 72
Hall1: 528, Hall2: 865, PWM: 72
Hall1: 528, Hall2: 867, PWM: 72
Hall1: 529, Hall2: 865, PWM: 72
Hall1: 529, Hall2: 868, PWM: 72
Hall1: 529, Hall2: 864, PWM: 72
Hall1: 528, Hall2: 867, PWM: 72
Hall1: 529, Hall2: 866, PWM: 72
Hall1: 529, Hall2: 866, PWM: 72
Hall1: 529, Hall2: 864, PWM: 72
Hall1: 529, Hall2: 866, PWM: 72
Hall1: 529, Hall2: 868, PWM: 72
Hall1: 529, Hall2: 867, PWM: 72
Hall1: 529, Hall2: 865, PWM: 72
Hall1: 529, Hall2: 865, PWM: 72
Hall1: 529, Hall2: 867, PWM: 72
Hall1: 529, Hall2: 865, PWM: 72
Hall1: 529, Hall2: 864, PWM: 72
Hall1: 529, Hall2: 862, PWM: 72
Hall1: 529, Hall2: 864, PWM: 72
Hall1: 529, Hall2: 868, PWM: 72
Hall1: 529, Hall2: 867, PWM: 72
Hall1: 529, Hall2: 868, PWM: 72
Hall1: 529, Hall2: 867, PWM: 72
Hall1: 529, Hall2: 868, PWM: 72
Hall1: 529, Hall2: 868, PWM: 72
Hall1: 529, Hall2: 868, PWM: 72
Hall1: 529, Hall2: 867, PWM: 72
Hall1: 529, Hall2: 865, PWM: 72
Hall1: 529, Hall2: 866, PWM: 72
Hall1: 529, Hall2: 868, PWM: 72
Hall1: 528, Hall2: 868, PWM: 72
Hall1: 528, Hall2: 865, PWM: 72
Hall1: 529, Hall2: 866, PWM: 72
Hall1: 528, Hall2: 866, PWM: 72
Hall1: 528, Hall2: 866, PWM: 72
Hall1: 528, Hall2: 867, PWM: 72
Hall1: 528, Hall2: 865, PWM: 72
Hall1: 528, Hall2: 869, PWM: 72
Hall1: 528, Hall2: 866, PWM: 72
Hall1: 528, Hall2: 867, PWM: 72
Hall1: 528, Hall2: 866, PWM: 72
Hall1: 528, Hall2: 864, PWM: 72
Hall1: 528, Hall2: 864, PWM: 72
Hall1: 528, Hall2: 866, PWM: 72
Hall1: 527, Hall2: 866, PWM: 72
Hall1: 527, Hall2: 866, PWM: 72
Hall1: 527, Hall2: 865, PWM: 72
Hall1: 527, Hall2: 866, PWM: 72
Hall1: 527, Hall2: 866, PWM: 72
Hall1: 527, Hall2: 867, PWM: 72
Hall1: 527, Hall2: 865, PWM: 72
Hall1: 527, Hall2: 865, PWM: 72
Hall1: 526, Hall2: 866, PWM: 72
Hall1: 526, Hall2: 865, PWM: 72
Hall1: 526, Hall2: 862, PWM: 72
Hall1: 526, Hall2: 863, PWM: 72
Hall1: 526, Hall2: 863, PWM: 72
Hall1: 526, Hall2: 863, PWM: 72
Hall1: 526, Hall2: 864, PWM: 72
Hall1: 526, Hall2: 862, PWM: 72
Hall1: 526, Hall2: 862, PWM: 72
Hall1: 526, Hall2: 861, PWM: 72
Hall1: 526, Hall2: 864, PWM: 72
Hall1: 526, Hall2: 860, PWM: 72
Hall1: 525, Hall2: 860, PWM: 72
Hall1: 526, Hall2: 861, PWM: 72
Hall1: 526, Hall2: 861, PWM: 72
Hall1: 526, Hall2: 860, PWM: 72
Hall1: 526, Hall2: 857, PWM: 72
Hall1: 526, Hall2: 856, PWM: 72
Hall1: 526, Hall2: 859, PWM: 72
Hall1: 525, Hall2: 855, PWM: 72
Hall1: 526, Hall2: 854, PWM: 72
Hall1: 526, Hall2: 855, PWM: 72
Hall1: 525, Hall2: 852, PWM: 72
Hall1: 526, Hall2: 850, PWM: 72
Hall1: 526, Hall2: 849, PWM: 72
Hall1: 526, Hall2: 844, PWM: 72
Hall1: 526, Hall2: 840, PWM: 72
Hall1: 526, Hall2: 838, PWM: 72
Hall1: 526, Hall2: 833, PWM: 72
Hall1: 526, Hall2: 829, PWM: 72
Hall1: 526, Hall2: 815, PWM: 72
Hall1: 527, Hall2: 811, PWM: 72
Hall1: 527, Hall2: 809, PWM: 72
Hall1: 527, Hall2: 805, PWM: 72
Hall1: 527, Hall2: 800, PWM: 72
Hall1: 527, Hall2: 789, PWM: 72
Hall1: 527, Hall2: 787, PWM: 72
Hall1: 528, Hall2: 783, PWM: 72
Hall1: 527, Hall2: 778, PWM: 72
Hall1: 528, Hall2: 774, PWM: 72
Hall1: 528, Hall2: 763, PWM: 72
Hall1: 529, Hall2: 757, PWM: 72
Hall1: 529, Hall2: 754, PWM: 72
Hall1: 529, Hall2: 753, PWM: 72
Hall1: 529, Hall2: 751, PWM: 72
Hall1: 530, Hall2: 738, PWM: 72
Hall1: 530, Hall2: 735, PWM: 72
Hall1: 531, Hall2: 730, PWM: 72
Hall1: 531, Hall2: 728, PWM: 72
Hall1: 531, Hall2: 724, PWM: 72
Hall1: 532, Hall2: 717, PWM: 72
Hall1: 532, Hall2: 712, PWM: 72
Hall1: 533, Hall2: 711, PWM: 72
Hall1: 533, Hall2: 704, PWM: 72
Hall1: 534, Hall2: 702, PWM: 72
Hall1: 534, Hall2: 701, PWM: 72
Hall1: 534, Hall2: 696, PWM: 72
Hall1: 535, Hall2: 694, PWM: 72
Hall1: 535, Hall2: 691, PWM: 72
Hall1: 536, Hall2: 687, PWM: 72
Hall1: 536, Hall2: 683, PWM: 72
Hall1: 537, Hall2: 682, PWM: 72
Hall1: 539, Hall2: 671, PWM: 72
Hall1: 539, Hall2: 670, PWM: 72
Hall1: 540, Hall2: 667, PWM: 72
Hall1: 540, Hall2: 665, PWM: 72
Hall1: 541, Hall2: 662, PWM: 72
Hall1: 541, Hall2: 659, PWM: 72
Hall1: 543, Hall2: 654, PWM: 72
Hall1: 543, Hall2: 652, PWM: 72
Hall1: 544, Hall2: 652, PWM: 72
Hall1: 545, Hall2: 646, PWM: 72
Hall1: 546, Hall2: 643, PWM: 72
Hall1: 548, Hall2: 638, PWM: 72
Hall1: 549, Hall2: 634, PWM: 72
Hall1: 549, Hall2: 633, PWM: 72
Hall1: 550, Hall2: 631, PWM: 72
Hall1: 551, Hall2: 629, PWM: 72
Hall1: 554, Hall2: 622, PWM: 72
Hall1: 555, Hall2: 620, PWM: 72
Hall1: 556, Hall2: 618, PWM: 72
Hall1: 557, Hall2: 616, PWM: 72
Hall1: 557, Hall2: 615, PWM: 72
Hall1: 559, Hall2: 612, PWM: 72
Hall1: 562, Hall2: 607, PWM: 72
Hall1: 563, Hall2: 606, PWM: 72
Hall1: 564, Hall2: 603, PWM: 72
Hall1: 565, Hall2: 601, PWM: 72
Hall1: 566, Hall2: 601, PWM: 72
Hall1: 570, Hall2: 595, PWM: 72
Hall1: 572, Hall2: 594, PWM: 72
Hall1: 572, Hall2: 592, PWM: 72
Hall1: 574, Hall2: 590, PWM: 72
Hall1: 575, Hall2: 589, PWM: 72
Hall1: 576, Hall2: 587, PWM: 72
Hall1: 580, Hall2: 585, PWM: 72
Hall1: 581, Hall2: 584, PWM: 72
Hall1: 582, Hall2: 582, PWM: 72
Hall1: 584, Hall2: 580, PWM: 72
Hall1: 586, Hall2: 578, PWM: 72
Hall1: 591, Hall2: 574, PWM: 72
Hall1: 592, Hall2: 572, PWM: 72
Hall1: 594, Hall2: 572, PWM: 72
Hall1: 595, Hall2: 571, PWM: 72
Hall1: 596, Hall2: 570, PWM: 72
Hall1: 602, Hall2: 566, PWM: 72
Hall1: 605, Hall2: 565, PWM: 72
Hall1: 607, Hall2: 563, PWM: 72
Hall1: 609, Hall2: 562, PWM: 72
Hall1: 610, Hall2: 561, PWM: 72
Hall1: 615, Hall2: 559, PWM: 72
Hall1: 618, Hall2: 557, PWM: 72
Hall1: 621, Hall2: 556, PWM: 72
Hall1: 624, Hall2: 555, PWM: 72
Hall1: 626, Hall2: 554, PWM: 72
Hall1: 629, Hall2: 552, PWM: 72
Hall1: 633, Hall2: 551, PWM: 72
Hall1: 636, Hall2: 549, PWM: 72
Hall1: 638, Hall2: 548, PWM: 72
Hall1: 640, Hall2: 548, PWM: 72
Hall1: 642, Hall2: 547, PWM: 72
Hall1: 650, Hall2: 544, PWM: 72
Hall1: 652, Hall2: 544, PWM: 72
Hall1: 655, Hall2: 543, PWM: 72
Hall1: 658, Hall2: 542, PWM: 72
Hall1: 661, Hall2: 541, PWM: 72
Hall1: 669, Hall2: 539, PWM: 72
Hall1: 676, Hall2: 538, PWM: 72
Hall1: 679, Hall2: 537, PWM: 72
Hall1: 686, Hall2: 536, PWM: 72
Hall1: 695, Hall2: 534, PWM: 72
Hall1: 699, Hall2: 532, PWM: 72
Hall1: 704, Hall2: 531, PWM: 72
Hall1: 712, Hall2: 530, PWM: 72
Hall1: 719, Hall2: 528, PWM: 72
Hall1: 726, Hall2: 527, PWM: 72
Hall1: 737, Hall2: 525, PWM: 72
Hall1: 742, Hall2: 524, PWM: 72
Hall1: 749, Hall2: 524, PWM: 72
Hall1: 755, Hall2: 523, PWM: 72
Hall1: 772, Hall2: 521, PWM: 72
Hall1: 777, Hall2: 520, PWM: 72
Hall1: 782, Hall2: 520, PWM: 72
Hall1: 794, Hall2: 518, PWM: 72
Hall1: 805, Hall2: 517, PWM: 72
Hall1: 812, Hall2: 516, PWM: 72
Hall1: 824, Hall2: 515, PWM: 72
Hall1: 833, Hall2: 515, PWM: 72
Hall1: 835, Hall2: 514, PWM: 72
Hall1: 841, Hall2: 514, PWM: 72
Hall1: 849, Hall2: 513, PWM: 72
Hall1: 852, Hall2: 513, PWM: 72
Hall1: 850, Hall2: 512, PWM: 72
Hall1: 853, Hall2: 512, PWM: 72
Hall1: 855, Hall2: 512, PWM: 72
Hall1: 860, Hall2: 510, PWM: 72
Hall1: 864, Hall2: 510, PWM: 72
Hall1: 861, Hall2: 510, PWM: 72
Hall1: 859, Hall2: 509, PWM: 72
Hall1: 863, Hall2: 508, PWM: 72
Hall1: 865, Hall2: 508, PWM: 72
Hall1: 864, Hall2: 507, PWM: 72
Hall1: 864, Hall2: 507, PWM: 72
Hall1: 865, Hall2: 506, PWM: 72
Hall1: 864, Hall2: 505, PWM: 72
Hall1: 863, Hall2: 505, PWM: 72
Hall1: 865, Hall2: 506, PWM: 72
Hall1: 864, Hall2: 504, PWM: 72
Hall1: 866, Hall2: 503, PWM: 72
Hall1: 867, Hall2: 503, PWM: 72
Hall1: 868, Hall2: 502, PWM: 72
Hall1: 866, Hall2: 500, PWM: 72
Hall1: 869, Hall2: 500, PWM: 72
Hall1: 869, Hall2: 499, PWM: 72
Hall1: 869, Hall2: 498, PWM: 72
Hall1: 872, Hall2: 497, PWM: 72
Hall1: 869, Hall2: 496, PWM: 72
Hall1: 868, Hall2: 495, PWM: 72
Hall1: 869, Hall2: 495, PWM: 72
Hall1: 870, Hall2: 494, PWM: 72
Hall1: 868, Hall2: 493, PWM: 72
Hall1: 867, Hall2: 493, PWM: 72
Hall1: 869, Hall2: 492, PWM: 72
Hall1: 868, Hall2: 490, PWM: 72
Hall1: 870, Hall2: 488, PWM: 72
Hall1: 869, Hall2: 487, PWM: 72
